#
# A fatal error has been detected by the Java Runtime Environment:
#
#  EXCEPTION_ACCESS_VIOLATION (0xc0000005) at pc=0x00000000036e9575, pid=51904, tid=0x0000000000008fd8
#
# JRE version: Java(TM) SE Runtime Environment (8.0_92-b14) (build 1.8.0_92-b14)
# Java VM: Java HotSpot(TM) 64-Bit Server VM (25.92-b14 mixed mode windows-amd64 compressed oops)
# Problematic frame:
# V  [jvm.dll+0x129575]
#
# Failed to write core dump. Minidumps are not enabled by default on client versions of Windows
#
# If you would like to submit a bug report, please visit:
#   http://bugreport.java.com/bugreport/crash.jsp
#

---------------  T H R E A D  ---------------

Current thread (0x000000001ecb8000):  JavaThread "JDWP Transport Listener: dt_socket" daemon [_thread_in_vm, id=36824, stack(0x000000001f650000,0x000000001f750000)]

siginfo: ExceptionCode=0xc0000005, reading address 0xffffffffffffffff

Registers:
RAX=0x000000001f74f401, RBX=0x000000001ecb8000, RCX=0x6c616e416e6f6974, RDX=0x0000000000000000
RSP=0x000000001f74f420, RBP=0x6c616e416e6f6974, RSI=0x000000001f74f538, RDI=0x00000000035b8ad0
R8 =0x000000001ecb8000, R9 =0x000000000000ff00, R10=0x0000000000000000, R11=0x00001955016a0025
R12=0x0000000000000000, R13=0x000000001ecc13b8, R14=0x0000000000000000, R15=0x0000000000000000
RIP=0x00000000036e9575, EFLAGS=0x0000000000010206

Top of Stack: (sp=0x000000001f74f420)
0x000000001f74f420:   000000001ecb8000 000000001ecb8000
0x000000001f74f430:   000000001f74f4e8 00000000038efbab
0x000000001f74f440:   000000001ecb8000 000000000390c40d
0x000000001f74f450:   0000000000000000 000000006a779155
0x000000001f74f460:   0000000021000ea0 000000006a78291e
0x000000001f74f470:   000000001ecb8000 0000000000000000
0x000000001f74f480:   0000000000000000 0000000000000000
0x000000001f74f490:   6c616e416e6f6974 000000006a781a15
0x000000001f74f4a0:   000000001f74f538 000000001f74f510
0x000000001f74f4b0:   0000000000000001 0000000021000ea0
0x000000001f74f4c0:   6c616e416e6f6974 000000006a7653b3
0x000000001f74f4d0:   000000001f74f600 0000000000000001
0x000000001f74f4e0:   0000000000000001 0000000021000ea0
0x000000001f74f4f0:   000000000000000a 0000000000000000
0x000000001f74f500:   0000000000000000 0000000000000000
0x000000001f74f510:   0000000000000001 000000006a765571 

Instructions: (pc=0x00000000036e9575)
0x00000000036e9555:   cc cc cc cc cc cc cc cc cc cc cc 48 83 ec 28 48
0x00000000036e9565:   85 c9 75 07 33 c0 48 83 c4 28 c3 48 89 5c 24 20
0x00000000036e9575:   48 8b 19 48 85 db 74 20 48 83 fb 37 74 1a 48 8b
0x00000000036e9585:   13 48 8b cb ff 52 10 84 c0 74 0d 48 8b c3 48 8b 


Register to memory mapping:

RAX=0x000000001f74f401 is pointing into the stack for thread: 0x000000001ecb8000
RBX=0x000000001ecb8000 is a thread
RCX=0x6c616e416e6f6974 is an unknown value
RDX=0x0000000000000000 is an unknown value
RSP=0x000000001f74f420 is pointing into the stack for thread: 0x000000001ecb8000
RBP=0x6c616e416e6f6974 is an unknown value
RSI=0x000000001f74f538 is pointing into the stack for thread: 0x000000001ecb8000
RDI=0x00000000035b8ad0 is an unknown value
R8 =0x000000001ecb8000 is a thread
R9 =0x000000000000ff00 is an unknown value
R10=0x0000000000000000 is an unknown value
R11=0x00001955016a0025 is an unknown value
R12=0x0000000000000000 is an unknown value
R13=0x000000001ecc13b8 is an unknown value
R14=0x0000000000000000 is an unknown value
R15=0x0000000000000000 is an unknown value


Stack: [0x000000001f650000,0x000000001f750000],  sp=0x000000001f74f420,  free space=1021k
Native frames: (J=compiled Java code, j=interpreted, Vv=VM code, C=native code)
V  [jvm.dll+0x129575]
V  [jvm.dll+0x34c40d]
C  [jdwp.dll+0x21a15]
C  [jdwp.dll+0x53b3]
C  [jdwp.dll+0x5571]
C  [jdwp.dll+0xf0a8]
C  [jdwp.dll+0x1f2d5]
C  [jdwp.dll+0x1f4aa]
V  [jvm.dll+0x1bc3e8]
V  [jvm.dll+0x244314]
V  [jvm.dll+0x29b34a]
C  [msvcr100.dll+0x21d9f]
C  [msvcr100.dll+0x21e3b]
C  [kernel32.dll+0x159cd]
C  [ntdll.dll+0x5383d]


---------------  P R O C E S S  ---------------

Java Threads: ( => current thread )
  0x00000000202e9000 JavaThread "ReaderThread" [_thread_in_native, id=51616, stack(0x0000000021880000,0x0000000021980000)]
  0x000000001ed70000 JavaThread "Service Thread" daemon [_thread_blocked, id=47940, stack(0x000000001fe50000,0x000000001ff50000)]
  0x000000001ece0800 JavaThread "C1 CompilerThread2" daemon [_thread_blocked, id=47944, stack(0x000000001f490000,0x000000001f590000)]
  0x000000001ecdb000 JavaThread "C2 CompilerThread1" daemon [_thread_blocked, id=26160, stack(0x000000001fc80000,0x000000001fd80000)]
  0x000000001ecd5800 JavaThread "C2 CompilerThread0" daemon [_thread_blocked, id=47920, stack(0x000000001fb60000,0x000000001fc60000)]
  0x000000001ecc8000 JavaThread "JDWP Command Reader" daemon [_thread_in_native, id=51460, stack(0x000000001fa40000,0x000000001fb40000)]
  0x000000001ecc4800 JavaThread "JDWP Event Helper Thread" daemon [_thread_blocked, id=45272, stack(0x000000001f910000,0x000000001fa10000)]
=>0x000000001ecb8000 JavaThread "JDWP Transport Listener: dt_socket" daemon [_thread_in_vm, id=36824, stack(0x000000001f650000,0x000000001f750000)]
  0x000000001d78d000 JavaThread "Attach Listener" daemon [_thread_blocked, id=47900, stack(0x000000001e800000,0x000000001e900000)]
  0x000000001d78b800 JavaThread "Signal Dispatcher" daemon [_thread_blocked, id=47496, stack(0x000000001ea10000,0x000000001eb10000)]
  0x000000001d76f000 JavaThread "Finalizer" daemon [_thread_blocked, id=47464, stack(0x000000001ebb0000,0x000000001ecb0000)]
  0x000000001d727800 JavaThread "Reference Handler" daemon [_thread_blocked, id=47892, stack(0x000000001e910000,0x000000001ea10000)]
  0x0000000002b1c000 JavaThread "main" [_thread_blocked, id=48112, stack(0x0000000002f00000,0x0000000003000000)]

Other Threads:
  0x000000001d720000 VMThread [stack: 0x000000001e700000,0x000000001e800000] [id=24932]
  0x000000001ed7d000 WatcherThread [stack: 0x000000001ff80000,0x0000000020080000] [id=47292]

VM state:not at safepoint (normal execution)

VM Mutex/Monitor currently owned by a thread: None

Heap:
 PSYoungGen      total 75264K, used 28425K [0x000000076c400000, 0x0000000771800000, 0x00000007c0000000)
  eden space 64512K, 44% used [0x000000076c400000,0x000000076dfc2680,0x0000000770300000)
  from space 10752K, 0% used [0x0000000770d80000,0x0000000770d80000,0x0000000771800000)
  to   space 10752K, 0% used [0x0000000770300000,0x0000000770300000,0x0000000770d80000)
 ParOldGen       total 172032K, used 0K [0x00000006c4c00000, 0x00000006cf400000, 0x000000076c400000)
  object space 172032K, 0% used [0x00000006c4c00000,0x00000006c4c00000,0x00000006cf400000)
 Metaspace       used 9454K, capacity 9596K, committed 9856K, reserved 1058816K
  class space    used 1067K, capacity 1106K, committed 1152K, reserved 1048576K

Card table byte_map: [0x0000000013700000,0x0000000013ee0000] byte_map_base: 0x00000000100da000

Marking Bits: (ParMarkBitMap*) 0x0000000003dd64f0
 Begin Bits: [0x0000000014810000, 0x00000000186e0000)
 End Bits:   [0x00000000186e0000, 0x000000001c5b0000)

Polling page: 0x0000000000390000

CodeCache: size=245760Kb used=2974Kb max_used=3003Kb free=242785Kb
 bounds [0x0000000004340000, 0x0000000004640000, 0x0000000013340000]
 total_blobs=965 nmethods=649 adapters=237
 compilation: enabled

Compilation events (10 events):
Event: 14.268 Thread 0x000000001ece0800  644       1       java.util.Hashtable::access$500 (5 bytes)
Event: 14.268 Thread 0x000000001ece0800 nmethod 644 0x0000000004606410 code [0x0000000004606560, 0x0000000004606650]
Event: 14.268 Thread 0x000000001ece0800  645       1       java.util.Hashtable$Entry::getKey (5 bytes)
Event: 14.268 Thread 0x000000001ece0800 nmethod 645 0x000000000461f990 code [0x000000000461fae0, 0x000000000461fbf0]
Event: 14.268 Thread 0x000000001ece0800  646       1       java.util.Hashtable$Entry::getValue (5 bytes)
Event: 14.268 Thread 0x000000001ece0800 nmethod 646 0x000000000461fc50 code [0x000000000461fda0, 0x000000000461feb0]
Event: 14.268 Thread 0x000000001ece0800  648       3       java.util.Hashtable$Enumerator::nextElement (111 bytes)
Event: 14.268 Thread 0x000000001ecd5800  649       4       sun.misc.URLClassPath::getResource (83 bytes)
Event: 14.269 Thread 0x000000001ece0800 nmethod 648 0x000000000461ff10 code [0x00000000046200a0, 0x0000000004620568]
Event: 14.430 Thread 0x000000001ecd5800 nmethod 649 0x0000000004627b50 code [0x0000000004627fc0, 0x000000000462c650]

GC Heap History (0 events):
No events

Deoptimization events (7 events):
Event: 0.475 Thread 0x0000000002b1c000 Uncommon trap: reason=unstable_if action=reinterpret pc=0x0000000004441b60 method=java.lang.String.hashCode()I @ 14
Event: 0.768 Thread 0x0000000002b1c000 Uncommon trap: reason=unstable_if action=reinterpret pc=0x000000000449fbdc method=java.lang.String.indexOf([CII[CIII)I @ 134
Event: 0.801 Thread 0x0000000002b1c000 Uncommon trap: reason=unstable_if action=reinterpret pc=0x0000000004492d9c method=java.lang.String.startsWith(Ljava/lang/String;I)Z @ 25
Event: 1.228 Thread 0x0000000002b1c000 Uncommon trap: reason=unstable_if action=reinterpret pc=0x000000000450ebd0 method=java.lang.String.indexOf([CII[CIII)I @ 3
Event: 1.364 Thread 0x0000000002b1c000 Uncommon trap: reason=unstable_if action=reinterpret pc=0x0000000004543490 method=java.io.WinNTFileSystem.normalize(Ljava/lang/String;)Ljava/lang/String; @ 128
Event: 1.638 Thread 0x0000000002b1c000 Uncommon trap: reason=unstable_if action=reinterpret pc=0x0000000004589208 method=sun.misc.MetaIndex.mayContain(Ljava/lang/String;)Z @ 38
Event: 1.699 Thread 0x0000000002b1c000 Uncommon trap: reason=range_check action=make_not_entrant pc=0x00000000045f6ed0 method=sun.reflect.generics.parser.SignatureParser.current()C @ 34

Internal exceptions (10 events):
Event: 0.794 Thread 0x0000000002b1c000 Exception <a 'java/security/PrivilegedActionException'> (0x000000076caea458) thrown at [D:\re\workspace\8-2-build-windows-amd64-cygwin\jdk8u92\6642\hotspot\src\share\vm\prims\jvm.cpp, line 1386]
Event: 0.794 Thread 0x0000000002b1c000 Exception <a 'java/security/PrivilegedActionException'> (0x000000076caea668) thrown at [D:\re\workspace\8-2-build-windows-amd64-cygwin\jdk8u92\6642\hotspot\src\share\vm\prims\jvm.cpp, line 1386]
Event: 0.794 Thread 0x0000000002b1c000 Exception <a 'java/security/PrivilegedActionException'> (0x000000076caeb928) thrown at [D:\re\workspace\8-2-build-windows-amd64-cygwin\jdk8u92\6642\hotspot\src\share\vm\prims\jvm.cpp, line 1386]
Event: 0.794 Thread 0x0000000002b1c000 Exception <a 'java/security/PrivilegedActionException'> (0x000000076caebb38) thrown at [D:\re\workspace\8-2-build-windows-amd64-cygwin\jdk8u92\6642\hotspot\src\share\vm\prims\jvm.cpp, line 1386]
Event: 0.794 Thread 0x0000000002b1c000 Exception <a 'java/security/PrivilegedActionException'> (0x000000076caecdf8) thrown at [D:\re\workspace\8-2-build-windows-amd64-cygwin\jdk8u92\6642\hotspot\src\share\vm\prims\jvm.cpp, line 1386]
Event: 0.794 Thread 0x0000000002b1c000 Exception <a 'java/security/PrivilegedActionException'> (0x000000076caed008) thrown at [D:\re\workspace\8-2-build-windows-amd64-cygwin\jdk8u92\6642\hotspot\src\share\vm\prims\jvm.cpp, line 1386]
Event: 0.892 Thread 0x0000000002b1c000 Exception <a 'java/security/PrivilegedActionException'> (0x000000076cb30b28) thrown at [D:\re\workspace\8-2-build-windows-amd64-cygwin\jdk8u92\6642\hotspot\src\share\vm\prims\jvm.cpp, line 1386]
Event: 0.892 Thread 0x0000000002b1c000 Exception <a 'java/security/PrivilegedActionException'> (0x000000076cb30d38) thrown at [D:\re\workspace\8-2-build-windows-amd64-cygwin\jdk8u92\6642\hotspot\src\share\vm\prims\jvm.cpp, line 1386]
Event: 1.699 Thread 0x0000000002b1c000 Exception <a 'java/lang/ArrayIndexOutOfBoundsException': 65> (0x000000076dac7fb8) thrown at [D:\re\workspace\8-2-build-windows-amd64-cygwin\jdk8u92\6642\hotspot\src\share\vm\interpreter\interpreterRuntime.cpp, line 366]
Event: 1.701 Thread 0x0000000002b1c000 Exception <a 'java/lang/ArrayIndexOutOfBoundsException': 60> (0x000000076dacd6a0) thrown at [D:\re\workspace\8-2-build-windows-amd64-cygwin\jdk8u92\6642\hotspot\src\share\vm\interpreter\interpreterRuntime.cpp, line 366]

Events (10 events):
Event: 354.589 Executing VM operation: GetCurrentLocation
Event: 354.589 Executing VM operation: GetCurrentLocation done
Event: 354.589 Executing VM operation: EnterInterpOnlyMode
Event: 354.589 Executing VM operation: EnterInterpOnlyMode done
Event: 354.589 Executing VM operation: ChangeSingleStep
Event: 354.589 Executing VM operation: ChangeSingleStep done
Event: 354.590 Executing VM operation: ChangeSingleStep
Event: 354.590 Executing VM operation: ChangeSingleStep done
Event: 354.595 Executing VM operation: RedefineClasses
Event: 354.601 Executing VM operation: RedefineClasses done


Dynamic libraries:
0x000000013faa0000 - 0x000000013fad7000 	C:\Java\jdk1.8.0_92\bin\javaw.exe
0x0000000076dc0000 - 0x0000000076f5f000 	C:\Windows\SYSTEM32\ntdll.dll
0x0000000076ba0000 - 0x0000000076cbf000 	C:\Windows\system32\kernel32.dll
0x000007fefcaf0000 - 0x000007fefcb5a000 	C:\Windows\system32\KERNELBASE.dll
0x000007fefea30000 - 0x000007fefeb0b000 	C:\Windows\system32\ADVAPI32.dll
0x000007fefd550000 - 0x000007fefd5ef000 	C:\Windows\system32\msvcrt.dll
0x000007fefd510000 - 0x000007fefd52f000 	C:\Windows\SYSTEM32\sechost.dll
0x000007fefef80000 - 0x000007feff0ad000 	C:\Windows\system32\RPCRT4.dll
0x0000000076cc0000 - 0x0000000076dba000 	C:\Windows\system32\USER32.dll
0x000007fefe6f0000 - 0x000007fefe757000 	C:\Windows\system32\GDI32.dll
0x000007fefe380000 - 0x000007fefe38e000 	C:\Windows\system32\LPK.dll
0x000007fefe620000 - 0x000007fefe6eb000 	C:\Windows\system32\USP10.dll
0x000007fefbcd0000 - 0x000007fefbec4000 	C:\Windows\WinSxS\amd64_microsoft.windows.common-controls_6595b64144ccf1df_6.0.7601.18837_none_fa3b1e3d17594757\COMCTL32.dll
0x000007fefedc0000 - 0x000007fefee31000 	C:\Windows\system32\SHLWAPI.dll
0x000007fefee40000 - 0x000007fefee6e000 	C:\Windows\system32\IMM32.DLL
0x000007fefee70000 - 0x000007fefef79000 	C:\Windows\system32\MSCTF.dll
0x000007fedbb00000 - 0x000007fedc195000 	C:\Program Files\McAfee\DLP\Agent\fcagpph64.dll
0x000007fef8270000 - 0x000007fef82e1000 	C:\Windows\system32\WINSPOOL.DRV
0x000007fefd5f0000 - 0x000007fefe37b000 	C:\Windows\system32\SHELL32.dll
0x000007fefeb10000 - 0x000007fefed0d000 	C:\Windows\system32\ole32.dll
0x0000000076f70000 - 0x0000000076f77000 	C:\Windows\system32\PSAPI.DLL
0x000007fefb9e0000 - 0x000007fefb9ec000 	C:\Windows\system32\VERSION.dll
0x000007fefce50000 - 0x000007fefcf2a000 	C:\Windows\system32\OLEAUT32.dll
0x000007fefb9d0000 - 0x000007fefb9d3000 	C:\Windows\system32\api-ms-win-core-synch-l1-2-0.DLL
0x000007fefb640000 - 0x000007fefb66d000 	C:\Windows\system32\ntmarta.dll
0x000007fefed10000 - 0x000007fefed62000 	C:\Windows\system32\WLDAP32.dll
0x000007fedb530000 - 0x000007fedb9a2000 	C:\Program Files\McAfee\DLP\Agent\fcagafa64.dll
0x000007feef530000 - 0x000007feef5dc000 	C:\Windows\system32\tmumh\20019\AddOn\7.0.0.1160\TmUmEvt64.dll
0x0000000070190000 - 0x00000000702ad000 	C:\Windows\system32\tmumh\20019\TmMon\2.5.0.2081\tmmon64.dll
0x0000000062160000 - 0x0000000062232000 	C:\Java\jdk1.8.0_92\jre\bin\msvcr100.dll
0x00000000035c0000 - 0x0000000003e56000 	C:\Java\jdk1.8.0_92\jre\bin\server\jvm.dll
0x000007fef7630000 - 0x000007fef7639000 	C:\Windows\system32\WSOCK32.dll
0x000007fefed70000 - 0x000007fefedbd000 	C:\Windows\system32\WS2_32.dll
0x000007fefe610000 - 0x000007fefe618000 	C:\Windows\system32\NSI.dll
0x000007fefa660000 - 0x000007fefa69b000 	C:\Windows\system32\WINMM.dll
0x0000000069a60000 - 0x0000000069a6f000 	C:\Java\jdk1.8.0_92\jre\bin\verify.dll
0x00000000659b0000 - 0x00000000659d9000 	C:\Java\jdk1.8.0_92\jre\bin\java.dll
0x000000006a760000 - 0x000000006a795000 	C:\Java\jdk1.8.0_92\jre\bin\jdwp.dll
0x0000000070f00000 - 0x0000000070f08000 	C:\Java\jdk1.8.0_92\jre\bin\npt.dll
0x0000000067120000 - 0x0000000067136000 	C:\Java\jdk1.8.0_92\jre\bin\zip.dll
0x000007fefcaa0000 - 0x000007fefcaaf000 	C:\Windows\system32\profapi.dll
0x0000000071070000 - 0x0000000071079000 	C:\Java\jdk1.8.0_92\jre\bin\dt_socket.dll
0x000007fefa6a0000 - 0x000007fefa6b5000 	C:\Windows\system32\NLAapi.dll
0x000007fef2fc0000 - 0x000007fef2fd5000 	C:\Windows\system32\napinsp.dll
0x000007fef2fa0000 - 0x000007fef2fb9000 	C:\Windows\system32\pnrpnsp.dll
0x000007fefc260000 - 0x000007fefc2b5000 	C:\Windows\System32\mswsock.dll
0x000007fefc0a0000 - 0x000007fefc0fb000 	C:\Windows\system32\DNSAPI.dll
0x000007fef2f90000 - 0x000007fef2f9b000 	C:\Windows\System32\winrnr.dll
0x000007fef2f80000 - 0x000007fef2f90000 	C:\Windows\system32\wshbth.dll
0x000007fef9d50000 - 0x000007fef9d77000 	C:\Windows\system32\IPHLPAPI.DLL
0x000007fef9d40000 - 0x000007fef9d4b000 	C:\Windows\system32\WINNSI.DLL
0x000007fef9bf0000 - 0x000007fef9c43000 	C:\Windows\System32\fwpuclnt.dll
0x000007fef32e0000 - 0x000007fef32e8000 	C:\Windows\system32\rasadhlp.dll
0x000007fefb910000 - 0x000007fefb917000 	C:\Windows\System32\wshtcpip.dll
0x0000000064620000 - 0x000000006463a000 	C:\Java\jdk1.8.0_92\jre\bin\net.dll
0x000007fefc210000 - 0x000007fefc217000 	C:\Windows\System32\wship6.dll
0x000007fefc4b0000 - 0x000007fefc4c8000 	C:\Windows\system32\CRYPTSP.dll
0x000007fefbfb0000 - 0x000007fefbff7000 	C:\Windows\system32\rsaenh.dll
0x0000000001d70000 - 0x0000000001d8e000 	C:\Windows\system32\USERENV.dll
0x000007fefc8d0000 - 0x000007fefc8df000 	C:\Windows\system32\CRYPTBASE.dll
0x000007fef9bc0000 - 0x000007fef9bd1000 	C:\Windows\system32\dhcpcsvc6.DLL
0x000007fef9ba0000 - 0x000007fef9bb8000 	C:\Windows\system32\dhcpcsvc.DLL
0x0000000067680000 - 0x0000000067691000 	C:\Java\jdk1.8.0_92\jre\bin\nio.dll
0x000007fef2000000 - 0x000007fef2125000 	C:\Windows\system32\dbghelp.dll

VM Arguments:
jvm_args: -agentlib:jdwp=transport=dt_socket,suspend=y,address=localhost:64927 -ea -Dfile.encoding=Cp1252 
java_command: org.testng.remote.RemoteTestNG -serport 64918 -protocol json -d C:\Users\akiran\git\utils\yukthi-autox-ide\test-output C:\Users\akiran\AppData\Local\Temp\testng-eclipse--2026872499\testng-customsuite.xml
java_class_path (initial): C:\Java\eclipse\plugins\org.testng.eclipse_6.9.11.201604020423\lib\testng-remote.jar;C:\Users\akiran\git\utils\yukthi-autox-ide\target\test-classes;C:\Users\akiran\git\utils\yukthi-autox-ide\target\classes;C:\Users\akiran\git\utils\yukthi-autox\target\test-classes;C:\Users\akiran\git\utils\yukthi-autox\target\classes;C:\Users\akiran\.m2\repository\commons-beanutils\commons-beanutils\1.9.3\commons-beanutils-1.9.3.jar;C:\Users\akiran\.m2\repository\commons-logging\commons-logging\1.2\commons-logging-1.2.jar;C:\Users\akiran\.m2\repository\commons-collections\commons-collections\3.2.2\commons-collections-3.2.2.jar;C:\Users\akiran\.m2\repository\org\seleniumhq\selenium\selenium-java\3.11.0\selenium-java-3.11.0.jar;C:\Users\akiran\.m2\repository\org\seleniumhq\selenium\selenium-api\3.11.0\selenium-api-3.11.0.jar;C:\Users\akiran\.m2\repository\org\seleniumhq\selenium\selenium-chrome-driver\3.11.0\selenium-chrome-driver-3.11.0.jar;C:\Users\akiran\.m2\repository\org\seleniumhq\selenium\selenium-edge-driver\3.11.0\selenium-edge-driver-3.11.0.jar;C:\Users\akiran\.m2\repository\org\seleniumhq\selenium\selenium-firefox-driver\3.11.0\selenium-firefox-driver-3.11.0.jar;C:\Users\akiran\.m2\repository\org\seleniumhq\selenium\selenium-ie-driver\3.11.0\selenium-ie-driver-3.11.0.jar;C:\Users\akiran\.m2\repository\org\seleniumhq\selenium\selenium-opera-driver\3.11.0\selenium-opera-driver-3.11.0.jar;C:\Users\akiran\.m2\repository\org\seleniumhq\selenium\selenium-remote-driver\3.11.0\selenium-remote-driver-3.11.0.jar;C:\Users\akiran\.m2\repository\org\seleniumhq\selenium\selenium-safari-driver\3.11.0\selenium-safari-driver-3.11.0.jar;C:\Users\akiran\.m2\repository\org\seleniumhq\selenium\selenium-support\3.11.0\selenium-support-3.11.0.jar;C:\Users\akiran\.m2\repository\net\bytebuddy\byte-buddy\1.7.9\byte-buddy-1.7.9.jar;C:\Users\akiran\.m2\repository\org\apache\commons\commons-exec\1.3\commons-exec-1.3.jar;C:\Users\akiran\.m2\repository\commons-codec\commons-c
Launcher Type: SUN_STANDARD

Environment Variables:
PATH=C:\Java\jdk1.8.0_92\jre\bin;C:/Program Files/Java/jre1.8.0_171/bin/server;C:/Program Files/Java/jre1.8.0_171/bin;C:/Program Files/Java/jre1.8.0_171/lib/amd64;D:\oraclexe\app\oracle\product\11.2.0\server\bin;;C:\Program Files (x86)\Common Files\Oracle\Java\javapath;C:\Java\jdk1.8.0_92\bin;C:\Java\apachae-ant-1.9.4\bin;C:\ProgramData\Oracle\Java\javapath;C:\Program Files (x86)\Intel\iCLS Client\;C:\Program Files\Intel\iCLS Client\;C:\Windows\system32;C:\Windows;C:\Windows\System32\Wbem;C:\Windows\System32\WindowsPowerShell\v1.0\;C:\Program Files\Perforce;C:\Program Files\Intel\Intel(R) Management Engine Components\DAL;C:\Program Files (x86)\Intel\Intel(R) Management Engine Components\DAL;C:\Program Files\Intel\Intel(R) Management Engine Components\IPT;C:\Program Files (x86)\Intel\Intel(R) Management Engine Components\IPT;C:\Program Files\Lenovo\Fingerprint Manager Pro\;C:\Program Files (x86)\Lenovo\Access Connections\;C:\Program Files\Perforce\DVCS\;C:\Program Files (x86)\GNU\GnuPG\pub;d:\Program Files (x86)\Gpg4win\..\GnuPG\bin;C:\Program Files\Intel\WiFi\bin\;C:\Program Files\Common Files\Intel\WirelessCommon\;D:\tensorflow\python3.6.6\Scripts\;D:\tensorflow\python3.6.6\;D:\Program Files (x86)\GnuPG\bin;C:\Java\eclipse;
USERNAME=akiran
OS=Windows_NT
PROCESSOR_IDENTIFIER=Intel64 Family 6 Model 61 Stepping 4, GenuineIntel



---------------  S Y S T E M  ---------------

OS: Windows 7 , 64 bit Build 7601 (6.1.7601.24117)

CPU:total 4 (2 cores per cpu, 2 threads per core) family 6 model 61 stepping 4, cmov, cx8, fxsr, mmx, sse, sse2, sse3, ssse3, sse4.1, sse4.2, popcnt, avx, avx2, aes, clmul, erms, rtm, 3dnowpref, lzcnt, ht, tsc, tscinvbit, bmi1, bmi2, adx

Memory: 4k page, physical 16465840k(627040k free), swap 32929804k(6418844k free)

vm_info: Java HotSpot(TM) 64-Bit Server VM (25.92-b14) for windows-amd64 JRE (1.8.0_92-b14), built on Mar 31 2016 21:03:04 by "java_re" with MS VC++ 10.0 (VS2010)

time: Wed Nov 07 16:19:41 2018
elapsed time: 354 seconds (0d 0h 5m 54s)

